[WARNING] 2026-01-14 17:20:11 - run_transformers.py:30 : No data from careerjet extractor
[WARNING] 2026-01-14 17:20:11 - run_transformers.py:30 : No data from rozee extractor
[INFO] 2026-01-15 00:32:51 - run_extractors.py:32 : Starting careerjet extractor...
[INFO] 2026-01-15 00:33:10 - base.py:44 : Saving jobs...
[INFO] 2026-01-15 00:33:10 - run_extractors.py:44 : Saved 22 jobs from careerjet to data/raw/careerjet.json...
[INFO] 2026-01-15 00:33:10 - run_extractors.py:32 : Starting rozee extractor...
[INFO] 2026-01-15 00:33:39 - base.py:44 : Saving jobs...
[INFO] 2026-01-15 00:33:39 - run_extractors.py:44 : Saved 20 jobs from rozee to data/raw/rozee.json...
[ERROR] 2026-01-15 00:34:20 - run_transformers.py:43 : Critical error while performing __main__
Traceback (most recent call last):
  File "/home/zain/Projects/SkillScout/scripts/run_transformers.py", line 37, in main
    cleaned = cleaner.transform(jobs)
  File "/home/zain/Projects/SkillScout/src/transformers/careerjet_cleaner.py", line 66, in transform
    cleaned = self.clean_basic_fields(job)
  File "/home/zain/Projects/SkillScout/src/transformers/main_transformer.py", line 22, in clean_basic_fields
    cleaned_job["title"] = self._clean_text(job.get("title", ""))
                                            ^^^^^^^
AttributeError: 'list' object has no attribute 'get'
[INFO] 2026-01-15 00:35:43 - main_transformer.py:81 : Starting clean_jobs() for careerjet...
[INFO] 2026-01-15 00:35:43 - main_transformer.py:102 : Saving 22 jobs to data/curated/cleaned_careerjet.json...
[INFO] 2026-01-15 00:35:43 - main_transformer.py:107 : Saved 22 jobs successfully
[INFO] 2026-01-15 00:35:43 - run_transformers.py:40 : Cleaned 22 jobs from careerjet
[INFO] 2026-01-15 00:35:43 - main_transformer.py:81 : Starting clean_jobs() for rozee...
[INFO] 2026-01-15 00:35:43 - main_transformer.py:102 : Saving 20 jobs to data/curated/cleaned_rozee.json...
[INFO] 2026-01-15 00:35:43 - main_transformer.py:107 : Saved 20 jobs successfully
[INFO] 2026-01-15 00:35:43 - run_transformers.py:40 : Cleaned 20 jobs from rozee
